[debug] [2021-10-27T12:51:14.804Z] ----------------------------------------------------------------------
[debug] [2021-10-27T12:51:14.806Z] Command:       /usr/local/bin/firebase /Users/artem/.cache/firebase/tools/lib/node_modules/firebase-tools/lib/bin/firebase init hosting
[debug] [2021-10-27T12:51:14.806Z] CLI Version:   9.21.0
[debug] [2021-10-27T12:51:14.806Z] Platform:      darwin
[debug] [2021-10-27T12:51:14.806Z] Node Version:  v12.18.1
[debug] [2021-10-27T12:51:14.807Z] Time:          Wed Oct 27 2021 15:51:14 GMT+0300 (Moscow Standard Time)
[debug] [2021-10-27T12:51:14.808Z] ----------------------------------------------------------------------
[debug] 
[debug] [2021-10-27T12:51:14.812Z] > command requires scopes: ["email","openid","https://www.googleapis.com/auth/cloudplatformprojects.readonly","https://www.googleapis.com/auth/firebase","https://www.googleapis.com/auth/cloud-platform"]
[debug] [2021-10-27T12:51:14.813Z] > authorizing via signed-in user (artemon002@gmail.com)
[info] 
     ######## #### ########  ######## ########     ###     ######  ########
     ##        ##  ##     ## ##       ##     ##  ##   ##  ##       ##
     ######    ##  ########  ######   ########  #########  ######  ######
     ##        ##  ##    ##  ##       ##     ## ##     ##       ## ##
     ##       #### ##     ## ######## ########  ##     ##  ######  ########

You're about to initialize a Firebase project in this directory:

  /Users/artem/study/arkady

[info] 
=== Project Setup
[info] 
[info] First, let's associate this project directory with a Firebase project.
[info] You can create multiple project aliases by running firebase use --add, 
[info] but for now we'll just set up a default project.
[info] 
[debug] [2021-10-27T12:51:21.942Z] >>> [apiv2][query] GET https://firebase.googleapis.com/v1beta1/projects pageSize=100
[debug] [2021-10-27T12:51:22.402Z] <<< [apiv2][status] GET https://firebase.googleapis.com/v1beta1/projects 200
[debug] [2021-10-27T12:51:22.403Z] <<< [apiv2][body] GET https://firebase.googleapis.com/v1beta1/projects [omitted]
[info] i  Using project hello-world-b0136 (Hello world) 
[info] 
=== Hosting Setup
[info] 
[info] Your public directory is the folder (relative to your project directory) that
[info] will contain Hosting assets to be uploaded with firebase deploy. If you
[info] have a build process for your assets, use your build's output directory.
[info] 
[debug] [2021-10-27T12:51:57.652Z] >>> [apiv2][query] GET https://www.gstatic.com/firebasejs/releases.json [none]
[debug] [2021-10-27T12:51:57.692Z] <<< [apiv2][status] GET https://www.gstatic.com/firebasejs/releases.json 200
[debug] [2021-10-27T12:51:57.693Z] <<< [apiv2][body] GET https://www.gstatic.com/firebasejs/releases.json {"current":{"version":"9.1.3","browserURL":"https://www.gstatic.com/firebasejs/9.1.3/firebase.js","packageURL":"https://www.gstatic.com/firebasejs/9.1.3/firebase.tgz"},"live":{"version":"9.1","browserURL":"https://www.gstatic.com/firebasejs/live/9.1/firebase.js","packageURL":"https://www.gstatic.com/firebasejs/live/9.1/firebase.tgz"},"components":{"analytics":"https://www.gstatic.com/firebasejs/9.1.3/firebase-analytics.js","app":"https://www.gstatic.com/firebasejs/9.1.3/firebase-app.js","app-check":"https://www.gstatic.com/firebasejs/9.1.3/firebase-app-check.js","auth":"https://www.gstatic.com/firebasejs/9.1.3/firebase-auth.js","auth/cordova":"https://www.gstatic.com/firebasejs/9.1.3/firebase-auth/cordova.js","auth/react-native":"https://www.gstatic.com/firebasejs/9.1.3/firebase-auth/react-native.js","functions":"https://www.gstatic.com/firebasejs/9.1.3/firebase-functions.js","firestore":"https://www.gstatic.com/firebasejs/9.1.3/firebase-firestore.js","firestore/lite":"https://www.gstatic.com/firebasejs/9.1.3/firebase-firestore/lite.js","storage":"https://www.gstatic.com/firebasejs/9.1.3/firebase-storage.js","performance":"https://www.gstatic.com/firebasejs/9.1.3/firebase-performance.js","remote-config":"https://www.gstatic.com/firebasejs/9.1.3/firebase-remote-config.js","messaging":"https://www.gstatic.com/firebasejs/9.1.3/firebase-messaging.js","messaging/sw":"https://www.gstatic.com/firebasejs/9.1.3/firebase-messaging/sw.js","database":"https://www.gstatic.com/firebasejs/9.1.3/firebase-database.js","firestore.memory":"https://www.gstatic.com/firebasejs/9.1.3/firebase-firestore.memory.js"}}
[info] ✔  Wrote public/index.html 
[info] 
[info] i  Didn't detect a .git folder. Assuming /Users/artem/study/arkady is the project root. 
[info] i  Authorizing with GitHub to upload your service account to a GitHub repository's secrets store. 
[info] 
[info] Visit this URL on this device to log in:
[info] https://github.com/login/oauth/authorize?client_id=89cf50f02ac6aaed3484&state=493759996&redirect_uri=http%3A%2F%2Flocalhost%3A9005&scope=read%3Auser%20repo%20public_repo
[info] 
[info] Waiting for authentication...
[debug] [2021-10-27T12:52:11.672Z] >>> HTTP REQUEST POST https://github.com/login/oauth/access_token  
 {"client_id":"89cf50f02ac6aaed3484","client_secret":"3330d14abc895d9a74d5f17cd7a00711fa2c5bf0","code":"ece16ab5d840185384ca","redirect_uri":"http://localhost:9005","state":"493759996"}
[debug] [2021-10-27T12:52:11.960Z] <<< HTTP RESPONSE 200 {"server":"GitHub.com","date":"Wed, 27 Oct 2021 12:52:11 GMT","content-type":"application/json; charset=utf-8","transfer-encoding":"chunked","vary":"X-PJAX, X-PJAX-Container, Accept-Encoding, Accept, X-Requested-With","permissions-policy":"interest-cohort=()","etag":"W/\"369fc2d6a34b0bd43b29492e1e54ea1c\"","cache-control":"max-age=0, private, must-revalidate","strict-transport-security":"max-age=31536000; includeSubdomains; preload","x-frame-options":"deny","x-content-type-options":"nosniff","x-xss-protection":"0","referrer-policy":"origin-when-cross-origin, strict-origin-when-cross-origin","expect-ct":"max-age=2592000, report-uri=\"https://api.github.com/_private/browser/errors\"","content-security-policy":"default-src 'none'; base-uri 'self'; block-all-mixed-content; child-src github.com/assets-cdn/worker/ gist.github.com/assets-cdn/worker/; connect-src 'self' uploads.github.com objects-origin.githubusercontent.com www.githubstatus.com collector.githubapp.com api.github.com github-cloud.s3.amazonaws.com github-production-repository-file-5c1aeb.s3.amazonaws.com github-production-upload-manifest-file-7fdce7.s3.amazonaws.com github-production-user-asset-6210df.s3.amazonaws.com cdn.optimizely.com logx.optimizely.com/v1/events translator.github.com wss://alive.github.com; font-src github.githubassets.com; form-action 'self' github.com gist.github.com objects-origin.githubusercontent.com; frame-ancestors 'none'; frame-src render.githubusercontent.com viewscreen.githubusercontent.com notebooks.githubusercontent.com; img-src 'self' data: github.githubassets.com identicons.github.com collector.githubapp.com github-cloud.s3.amazonaws.com secured-user-images.githubusercontent.com/ *.githubusercontent.com; manifest-src 'self'; media-src github.com user-images.githubusercontent.com/; script-src github.githubassets.com; style-src 'unsafe-inline' github.githubassets.com; worker-src github.com/assets-cdn/worker/ gist.github.com/assets-cdn/worker/","x-github-request-id":"E462:C82D:1F8407:20CEFE:61794B7B"}
[debug] [2021-10-27T12:52:11.968Z] >>> [apiv2][query] GET https://api.github.com/user [none]
[debug] [2021-10-27T12:52:12.284Z] <<< [apiv2][status] GET https://api.github.com/user 200
[debug] [2021-10-27T12:52:12.285Z] <<< [apiv2][body] GET https://api.github.com/user {"login":"TumanovArtem","id":16085322,"node_id":"MDQ6VXNlcjE2MDg1MzIy","avatar_url":"https://avatars.githubusercontent.com/u/16085322?v=4","gravatar_id":"","url":"https://api.github.com/users/TumanovArtem","html_url":"https://github.com/TumanovArtem","followers_url":"https://api.github.com/users/TumanovArtem/followers","following_url":"https://api.github.com/users/TumanovArtem/following{/other_user}","gists_url":"https://api.github.com/users/TumanovArtem/gists{/gist_id}","starred_url":"https://api.github.com/users/TumanovArtem/starred{/owner}{/repo}","subscriptions_url":"https://api.github.com/users/TumanovArtem/subscriptions","organizations_url":"https://api.github.com/users/TumanovArtem/orgs","repos_url":"https://api.github.com/users/TumanovArtem/repos","events_url":"https://api.github.com/users/TumanovArtem/events{/privacy}","received_events_url":"https://api.github.com/users/TumanovArtem/received_events","type":"User","site_admin":false,"name":"Artem Tumanov","company":null,"blog":"","location":"Saint-Petersburg, Russia","email":"artem_tuman@mail.ru","hireable":null,"bio":"Web Development and Power Electrical Engineering","twitter_username":null,"public_repos":9,"public_gists":0,"followers":1,"following":2,"created_at":"2015-11-30T15:47:25Z","updated_at":"2021-10-25T21:04:20Z","private_gists":0,"total_private_repos":0,"owned_private_repos":0,"disk_usage":207840,"collaborators":0,"two_factor_authentication":false,"plan":{"name":"free","space":976562499,"collaborators":0,"private_repos":10000}}
[info] 
[info] ✔  Success! Logged into GitHub as TumanovArtem 
[info] 
